<?xml version="1.0" encoding="UTF-8"?>
<!-- Generated by org.testng.reporters.JUnitXMLReporter -->
<testsuite ignored="0" hostname="Aishwarya_29" failures="0" tests="3" name="Default test" time="7.444" errors="0" timestamp="2025-09-17T12:27:42 IST">
  <testcase classname="api.test.Datadriventest" name="testpostuser" time="2.979"/>
  <testcase classname="api.test.Datadriventest" name="testpostuser" time="1.759"/>
  <testcase classname="api.test.Datadriventest" name="testpostuser" time="1.675"/>
</testsuite> <!-- Default test -->
