<?xml version="1.0" encoding="UTF-8"?>
<testng-results ignored="0" total="4" passed="4" failed="0" skipped="0">
  <reporter-output>
  </reporter-output>
  <suite started-at="2025-09-24T12:03:48 IST" name="petsuite" finished-at="2025-09-24T12:03:58 IST" duration-ms="9648">
    <groups>
    </groups>
    <test started-at="2025-09-24T12:03:48 IST" name="Test" finished-at="2025-09-24T12:03:58 IST" duration-ms="9648">
      <class name="api.test.userTest">
        <test-method is-config="true" signature="setup()[pri:0, instance:api.test.userTest@3aefe5e5]" started-at="2025-09-24T12:03:48 IST" name="setup" finished-at="2025-09-24T12:03:48 IST" duration-ms="135" status="PASS">
          <reporter-output>
          </reporter-output>
        </test-method> <!-- setup -->
        <test-method signature="testPostUser()[pri:1, instance:api.test.userTest@3aefe5e5]" started-at="2025-09-24T12:03:48 IST" name="testPostUser" finished-at="2025-09-24T12:03:52 IST" duration-ms="3041" status="PASS">
          <reporter-output>
          </reporter-output>
        </test-method> <!-- testPostUser -->
        <test-method signature="testgetuserbyname()[pri:2, instance:api.test.userTest@3aefe5e5]" started-at="2025-09-24T12:03:52 IST" name="testgetuserbyname" finished-at="2025-09-24T12:03:53 IST" duration-ms="1662" status="PASS">
          <reporter-output>
          </reporter-output>
        </test-method> <!-- testgetuserbyname -->
        <test-method signature="testUpdateuserbyname()[pri:3, instance:api.test.userTest@3aefe5e5]" started-at="2025-09-24T12:03:53 IST" name="testUpdateuserbyname" finished-at="2025-09-24T12:03:56 IST" duration-ms="3124" status="PASS">
          <reporter-output>
          </reporter-output>
        </test-method> <!-- testUpdateuserbyname -->
        <test-method signature="testdeleteuserbyusername()[pri:4, instance:api.test.userTest@3aefe5e5]" started-at="2025-09-24T12:03:56 IST" name="testdeleteuserbyusername" finished-at="2025-09-24T12:03:58 IST" duration-ms="1512" status="PASS">
          <reporter-output>
          </reporter-output>
        </test-method> <!-- testdeleteuserbyusername -->
      </class> <!-- api.test.userTest -->
    </test> <!-- Test -->
  </suite> <!-- petsuite -->
</testng-results>
