<?xml version="1.0" encoding="UTF-8"?>
<!-- Generated by org.testng.reporters.JUnitXMLReporter -->
<testsuite ignored="0" hostname="Aishwarya_29" failures="1" tests="4" name="Test" time="21.798" errors="0" timestamp="2025-09-17T15:10:02 IST">
  <testcase classname="api.test.userTest2" name="testPostUser" time="6.309"/>
  <testcase classname="api.test.userTest2" name="testgetuserbyname" time="3.925">
    <failure type="java.lang.AssertionError" message="expected [200] but found [404]">
      <![CDATA[java.lang.AssertionError: expected [200] but found [404]
at api.test.userTest2.testgetuserbyname(userTest2.java:57)
at java.base/java.util.ArrayList.forEach(ArrayList.java:1597)
... Removed 32 stack frames]]>
    </failure>
  </testcase> <!-- testgetuserbyname -->
  <testcase classname="api.test.userTest2" name="testUpdateuserbyname" time="9.366"/>
  <testcase classname="api.test.userTest2" name="testdeleteuserbyusername" time="1.638"/>
</testsuite> <!-- Test -->
